This is pdfTeX, Version 3.1415926-1.40.9 (MiKTeX 2.7) (preloaded format=pdflatex 2009.9.11)  16 NOV 2009 23:01
entering extended mode
**secureGridComputing.tex
(secureGridComputing.tex
LaTeX2e <2005/12/01>
Babel <v3.8l> and hyphenation patterns for english, dumylang, nohyphenation, ge
rman, ngerman, german-x-2008-06-18, ngerman-x-2008-06-18, french, loaded.
(IEEEtran.cls
Document Class: IEEEtran 2007/03/05 V1.7a by Michael Shell
-- See the "IEEEtran_HOWTO" manual for usage information.
-- http://www.michaelshell.org/tex/ieeetran/
\@IEEEtrantmpdimenA=\dimen102
\@IEEEtrantmpdimenB=\dimen103
\@IEEEtrantmpcountA=\count79
\@IEEEtrantmpcountB=\count80
\@IEEEtrantmptoksA=\toks14
-- Using IEEE Computer Society mode.
LaTeX Font Info:    Try loading font information for OT1+ptm on input line 366.

("C:\Program Files\MiKTeX 2.7\tex\latex\psnfss\ot1ptm.fd"
File: ot1ptm.fd 2001/06/04 font definitions for OT1/ptm.
)
-- Using 8.5in x 11in (letter) paper.
-- Using PDF output.
\@IEEEnormalsizeunitybaselineskip=\dimen104
-- This is a 10 point document.
\CLASSINFOnormalsizebaselineskip=\dimen105
\CLASSINFOnormalsizeunitybaselineskip=\dimen106
\IEEEnormaljot=\dimen107
LaTeX Font Info:    Font shape `OT1/ptm/bx/n' in size <5> not available
(Font)              Font shape `OT1/ptm/b/n' tried instead on input line 724.
LaTeX Font Info:    Font shape `OT1/ptm/bx/it' in size <5> not available
(Font)              Font shape `OT1/ptm/b/it' tried instead on input line 724.
LaTeX Font Info:    Font shape `OT1/ptm/bx/n' in size <7> not available
(Font)              Font shape `OT1/ptm/b/n' tried instead on input line 724.
LaTeX Font Info:    Font shape `OT1/ptm/bx/it' in size <7> not available
(Font)              Font shape `OT1/ptm/b/it' tried instead on input line 724.
LaTeX Font Info:    Font shape `OT1/ptm/bx/n' in size <8> not available
(Font)              Font shape `OT1/ptm/b/n' tried instead on input line 724.
LaTeX Font Info:    Font shape `OT1/ptm/bx/it' in size <8> not available
(Font)              Font shape `OT1/ptm/b/it' tried instead on input line 724.
LaTeX Font Info:    Font shape `OT1/ptm/bx/n' in size <9> not available
(Font)              Font shape `OT1/ptm/b/n' tried instead on input line 724.
LaTeX Font Info:    Font shape `OT1/ptm/bx/it' in size <9> not available
(Font)              Font shape `OT1/ptm/b/it' tried instead on input line 724.
LaTeX Font Info:    Font shape `OT1/ptm/bx/n' in size <10> not available
(Font)              Font shape `OT1/ptm/b/n' tried instead on input line 724.
LaTeX Font Info:    Font shape `OT1/ptm/bx/it' in size <10> not available
(Font)              Font shape `OT1/ptm/b/it' tried instead on input line 724.
LaTeX Font Info:    Font shape `OT1/ptm/bx/n' in size <11> not available
(Font)              Font shape `OT1/ptm/b/n' tried instead on input line 724.
LaTeX Font Info:    Font shape `OT1/ptm/bx/it' in size <11> not available
(Font)              Font shape `OT1/ptm/b/it' tried instead on input line 724.
LaTeX Font Info:    Font shape `OT1/ptm/bx/n' in size <12> not available
(Font)              Font shape `OT1/ptm/b/n' tried instead on input line 724.
LaTeX Font Info:    Font shape `OT1/ptm/bx/it' in size <12> not available
(Font)              Font shape `OT1/ptm/b/it' tried instead on input line 724.
LaTeX Font Info:    Font shape `OT1/ptm/bx/n' in size <17> not available
(Font)              Font shape `OT1/ptm/b/n' tried instead on input line 724.
LaTeX Font Info:    Font shape `OT1/ptm/bx/it' in size <17> not available
(Font)              Font shape `OT1/ptm/b/it' tried instead on input line 724.
LaTeX Font Info:    Font shape `OT1/ptm/bx/n' in size <20> not available
(Font)              Font shape `OT1/ptm/b/n' tried instead on input line 724.
LaTeX Font Info:    Font shape `OT1/ptm/bx/it' in size <20> not available
(Font)              Font shape `OT1/ptm/b/it' tried instead on input line 724.
LaTeX Font Info:    Font shape `OT1/ptm/bx/n' in size <24> not available
(Font)              Font shape `OT1/ptm/b/n' tried instead on input line 724.
LaTeX Font Info:    Font shape `OT1/ptm/bx/it' in size <24> not available
(Font)              Font shape `OT1/ptm/b/it' tried instead on input line 724.
\IEEEilabelindentA=\dimen108
\IEEEilabelindentB=\dimen109
\IEEEilabelindent=\dimen110
\IEEEelabelindent=\dimen111
\IEEEdlabelindent=\dimen112
\IEEElabelindent=\dimen113
\IEEEiednormlabelsep=\dimen114
\IEEEiedmathlabelsep=\dimen115
\IEEEiedtopsep=\skip41
\c@section=\count81
\c@subsection=\count82
\c@subsubsection=\count83
\c@paragraph=\count84
\c@IEEEsubequation=\count85
\abovecaptionskip=\skip42
\belowcaptionskip=\skip43
\c@figure=\count86
\c@table=\count87
\@IEEEeqnnumcols=\count88
\@IEEEeqncolcnt=\count89
\@IEEEtmpitemindent=\dimen116
\c@IEEEbiography=\count90
\@IEEEtranrubishbin=\box26
) ("C:\Program Files\MiKTeX 2.7\tex\latex\graphics\graphicx.sty"
Package: graphicx 1999/02/16 v1.0f Enhanced LaTeX Graphics (DPC,SPQR)

("C:\Program Files\MiKTeX 2.7\tex\latex\graphics\keyval.sty"
Package: keyval 1999/03/16 v1.13 key=value parser (DPC)
\KV@toks@=\toks15
)
("C:\Program Files\MiKTeX 2.7\tex\latex\graphics\graphics.sty"
Package: graphics 2006/02/20 v1.0o Standard LaTeX Graphics (DPC,SPQR)

("C:\Program Files\MiKTeX 2.7\tex\latex\graphics\trig.sty"
Package: trig 1999/03/16 v1.09 sin cos tan (DPC)
)
("C:\Program Files\MiKTeX 2.7\tex\latex\00miktex\graphics.cfg"
File: graphics.cfg 2007/01/18 v1.5 graphics configuration of teTeX/TeXLive
)
Package graphics Info: Driver file: pdftex.def on input line 90.

("C:\Program Files\MiKTeX 2.7\tex\latex\pdftex-def\pdftex.def"
File: pdftex.def 2008/09/08 v0.04l Graphics/color for pdfTeX
\Gread@gobject=\count91
))
\Gin@req@height=\dimen117
\Gin@req@width=\dimen118
)
(secureGridComputing.aux)
LaTeX Font Info:    Checking defaults for OML/cmm/m/it on input line 299.
LaTeX Font Info:    ... okay on input line 299.
LaTeX Font Info:    Checking defaults for T1/cmr/m/n on input line 299.
LaTeX Font Info:    ... okay on input line 299.
LaTeX Font Info:    Checking defaults for OT1/cmr/m/n on input line 299.
LaTeX Font Info:    ... okay on input line 299.
LaTeX Font Info:    Checking defaults for OMS/cmsy/m/n on input line 299.
LaTeX Font Info:    ... okay on input line 299.
LaTeX Font Info:    Checking defaults for OMX/cmex/m/n on input line 299.
LaTeX Font Info:    ... okay on input line 299.
LaTeX Font Info:    Checking defaults for U/cmr/m/n on input line 299.
LaTeX Font Info:    ... okay on input line 299.

("C:\Program Files\MiKTeX 2.7\tex\context\base\supp-pdf.tex"
[Loading MPS to PDF converter (version 2006.09.02).]
\scratchcounter=\count92
\scratchdimen=\dimen119
\scratchbox=\box27
\nofMPsegments=\count93
\nofMParguments=\count94
\everyMPshowfont=\toks16
\MPscratchCnt=\count95
\MPscratchDim=\dimen120
\MPnumerator=\count96
\everyMPtoPDFconversion=\toks17
)
LaTeX Font Info:    Try loading font information for OT1+phv on input line 344.

 ("C:\Program Files\MiKTeX 2.7\tex\latex\psnfss\ot1phv.fd"
File: ot1phv.fd 2001/06/04 scalable font definitions for OT1/phv.
)
LaTeX Font Info:    Font shape `OT1/ptm/bx/n' in size <14> not available
(Font)              Font shape `OT1/ptm/b/n' tried instead on input line 344.

Underfull \hbox (badness 1845) in paragraph at lines 374--377
\OT1/ptm/m/n/10 to di-vide and ap-por-tion pieces of a pro-gram among
 []


Underfull \hbox (badness 10000) in paragraph at lines 374--377

 []

Missing character: There is no “ in font ptmr7t!
Missing character: There is no ” in font ptmr7t!

Underfull \hbox (badness 10000) in paragraph at lines 472--476
\OT1/ptm/m/n/10 or-ga-ni-za-tion (VO) across one or more phys-i-cal
 []


Underfull \hbox (badness 1852) in paragraph at lines 472--476
\OT1/ptm/m/n/10 vir-tual or-ga-ni-za-tion to users in each of the phys-i-cal
 []


Underfull \hbox (badness 10000) in paragraph at lines 472--476

 []


Underfull \hbox (badness 2126) in paragraph at lines 472--476
\OT1/ptm/m/n/10 Computational Grids are mo-tivi-ated by the de-sire to
 []


Underfull \hbox (badness 1622) in paragraph at lines 472--476
\OT1/ptm/m/n/10 be-comes a ma-jor trend in Grid com-put-ing. How-ever,
 []

[1{C:/ProgramData/MiKTeX/2.7/pdftex/config/pdftex.map}


]
Underfull \hbox (badness 2080) in paragraph at lines 478--484
\OT1/ptm/m/n/10 ap-pli-ca-tions and ser-vices be ca-pa-ble of sup-port-ing a
 []


Underfull \hbox (badness 10000) in paragraph at lines 478--484
\OT1/ptm/m/n/10 au-tho-riza-tion, cre-den-tial con-ver-sion, au-dit-ing, and
 []


Underfull \hbox (badness 7433) in paragraph at lines 478--484
\OT1/ptm/m/n/10 del-e-ga-tion. Grid ap-pli-ca-tions need to in-ter-act with
 []


Underfull \hbox (badness 1867) in paragraph at lines 478--484
\OT1/ptm/m/n/10 other ap-pli-ca-tions and ser-vices that have a range of
 []


Underfull \hbox (badness 4479) in paragraph at lines 478--484
\OT1/ptm/m/n/10 mech-a-nisms are de-vel-oped or poli-cies change. Grid
 []


Underfull \hbox (badness 10000) in paragraph at lines 478--484

 []


Underfull \hbox (badness 4872) in paragraph at lines 478--484
\OT1/ptm/m/n/10 While scal-a-bil-ity, per-for-mance and het-ero-gene-ity are
 []


Underfull \hbox (badness 5908) in paragraph at lines 478--484
\OT1/ptm/m/n/10 mul-ti-ple com-pu-ta-tional re-sources in-tro-duce the need
 []


Underfull \hbox (badness 1902) in paragraph at lines 478--484
\OT1/ptm/m/n/10 to es-tab-lish se-cu-rity re-la-tion-ships not sim-ply be-tween

 []


Underfull \hbox (badness 1983) in paragraph at lines 488--497
\OT1/ptm/m/n/10 com-pu-ta-tion on com-put-ers at Im-mi-gra-tion De-part-ment
 []


Underfull \hbox (badness 10000) in paragraph at lines 488--497

 []


Underfull \hbox (badness 10000) in paragraph at lines 488--497

 []

<figure3.jpg, id=8, 1011.78pt x 803.0pt>
File: figure3.jpg Graphic file (type jpg)
 <use figure3.jpg>
Underfull \hbox (badness 10000) in paragraph at lines 508--531

 []


Underfull \hbox (badness 10000) in paragraph at lines 508--531

 []


Underfull \hbox (badness 10000) in paragraph at lines 508--531

 []


Underfull \hbox (badness 10000) in paragraph at lines 508--531
\OT1/ptm/m/n/10 4.1.3. A com-pu-ta-tion (or pro-cesses cre-ated by a
 []


Underfull \hbox (badness 7486) in paragraph at lines 508--531
\OT1/ptm/m/n/10 com-pu-ta-tion) may ac-quire, start pro-cesses on, and
 []


Underfull \hbox (badness 10000) in paragraph at lines 508--531

 []


Underfull \hbox (badness 3758) in paragraph at lines 508--531
\OT1/ptm/m/n/10 4.1.4 The pro-cesses con-sti-tut-ing a com-pu-ta-tion may
 []


Underfull \hbox (badness 10000) in paragraph at lines 508--531

 []


Underfull \hbox (badness 4366) in paragraph at lines 508--531
\OT1/ptm/m/n/10 4.1.5. Re-sources may re-quire dif-fer-ent au-then-ti-ca-tion
 []


Underfull \hbox (badness 10000) in paragraph at lines 508--531

 []


Underfull \hbox (badness 10000) in paragraph at lines 508--531

 []


Underfull \hbox (badness 3536) in paragraph at lines 508--531
\OT1/ptm/m/n/10 se-cu-rity so-lu-tions that can al-low com-pu-ta-tions, such
 []


Underfull \hbox (badness 10000) in paragraph at lines 508--531

 []


Underfull \hbox (badness 10000) in paragraph at lines 508--531

 []

[2 <figure3.jpg>]
Missing character: There is no — in font ptmr7t!
Missing character: There is no — in font ptmr7t!

Underfull \hbox (badness 1888) in paragraph at lines 533--552
\OT1/ptm/m/n/10 vir-tual or-ga-ni-za-tions (VOs) col-lec-tions of di-verse and
 []


Underfull \hbox (badness 2302) in paragraph at lines 533--552
\OT1/ptm/m/n/10 case ex-plicit ne-go-ti-a-tions with re-source providers are
 []


Underfull \hbox (badness 10000) in paragraph at lines 533--552

 []

<figure1.jpg, id=13, 382.42876pt x 341.02406pt>
File: figure1.jpg Graphic file (type jpg)
 <use figure1.jpg>
Underfull \hbox (badness 10000) in paragraph at lines 567--573

 []


Underfull \hbox (badness 5022) in paragraph at lines 567--573
\OT1/ptm/m/n/10 Furthermore, the grid com-put-ing sys-tems are be-ing
 []


Underfull \hbox (badness 3872) in paragraph at lines 567--573
\OT1/ptm/m/n/10 pools of re-sources to be shared across in-sti-tu-tional
 []

[3 <figure1.jpg>]

** Conference Paper **
Before submitting the final camera ready copy, remember to:

 1. Manually equalize the lengths of two columns on the last page
 of your paper;

 2. Ensure that any PostScript and/or PDF output post-processing
 uses only Type 1 fonts and that every step in the generation
 process uses the appropriate paper size.

[4] (secureGridComputing.aux)

LaTeX Warning: Label(s) may have changed. Rerun to get cross-references right.

 ) 
Here is how much of TeX's memory you used:
 1638 strings out of 95304
 24912 string characters out of 1183070
 83371 words of memory out of 1500000
 4880 multiletter control sequences out of 110000
 35344 words of font info for 65 fonts, out of 3000000 for 5000
 17 hyphenation exceptions out of 8191
 26i,8n,21p,1315b,297s stack positions out of 5000i,500n,10000p,200000b,50000s
{C:/Program Files/MiKTeX 2.7/fonts/enc/dvips/fontname/8r.enc}<C:/Program File
s/MiKTeX 2.7/fonts/type1/urw/helvetic/uhvr8a.pfb><C:/Program Files/MiKTeX 2.7/f
onts/type1/urw/times/utmb8a.pfb><C:/Program Files/MiKTeX 2.7/fonts/type1/urw/ti
mes/utmr8a.pfb><C:/Program Files/MiKTeX 2.7/fonts/type1/urw/times/utmri8a.pfb>
Output written on secureGridComputing.pdf (4 pages, 224194 bytes).
PDF statistics:
 34 PDF objects out of 1000 (max. 8388607)
 0 named destinations out of 1000 (max. 131072)
 11 words of extra memory for PDF output out of 10000 (max. 10000000)

